<?xml version="1.0" encoding="UTF-8"?>
<!-- Generated by org.testng.reporters.JUnitXMLReporter -->
<testsuite hostname="DESKTOP-HALEIN2" name="Test" tests="2" failures="1" timestamp="12 Jul 2017 10:06:16 GMT" time="8.367" errors="0">
  <testcase name="jb" time="8.341" classname="AmoghMaven.one.build1">
    <failure type="java.lang.AssertionError" message="This checks for the login expected [Googlye] but found [Google]">
      <![CDATA[java.lang.AssertionError: This checks for the login expected [Googlye] but found [Google]
	at AmoghMaven.one.build1.jb(build1.java:23)
	at org.apache.maven.surefire.testng.TestNGExecutor.run(TestNGExecutor.java:293)
	at org.apache.maven.surefire.testng.TestNGXmlTestSuite.execute(TestNGXmlTestSuite.java:84)
	at org.apache.maven.surefire.testng.TestNGProvider.invoke(TestNGProvider.java:91)
	at org.apache.maven.surefire.booter.ForkedBooter.invokeProviderInSameClassLoader(ForkedBooter.java:200)
	at org.apache.maven.surefire.booter.ForkedBooter.runSuitesInProcess(ForkedBooter.java:153)
	at org.apache.maven.surefire.booter.ForkedBooter.main(ForkedBooter.java:103)
... Removed 25 stack frames]]>
    </failure>
  </testcase> <!-- jb -->
  <testcase name="main" time="0.001" classname="AmoghMaven.one.build1"/>
</testsuite> <!-- Test -->
