<?xml version="1.0" encoding="UTF-8"?>
<testng-results skipped="0" failed="0" total="1" passed="1">
  <reporter-output>
  </reporter-output>
  <suite name="Suite" duration-ms="31" started-at="2017-07-11T17:21:51Z" finished-at="2017-07-11T17:21:51Z">
    <groups>
    </groups>
    <test name="Test" duration-ms="31" started-at="2017-07-11T17:21:51Z" finished-at="2017-07-11T17:21:51Z">
      <class name="AmoghMaven.one.hello">
        <test-method status="PASS" signature="main()[pri:0, instance:AmoghMaven.one.hello@2752f6e2]" name="main" duration-ms="16" started-at="2017-07-11T22:51:51Z" finished-at="2017-07-11T22:51:51Z">
          <reporter-output>
          </reporter-output>
        </test-method> <!-- main -->
      </class> <!-- AmoghMaven.one.hello -->
    </test> <!-- Test -->
  </suite> <!-- Suite -->
</testng-results>
