<?xml version="1.0" encoding="UTF-8"?>
<testng-results skipped="0" failed="0" total="2" passed="2">
  <reporter-output>
  </reporter-output>
  <suite name="Default suite" duration-ms="5981" started-at="2017-07-12T02:48:02Z" finished-at="2017-07-12T02:48:08Z">
    <groups>
    </groups>
    <test name="Default test" duration-ms="5981" started-at="2017-07-12T02:48:02Z" finished-at="2017-07-12T02:48:08Z">
      <class name="AmoghMaven.one.build1">
        <test-method status="PASS" signature="jb()[pri:0, instance:AmoghMaven.one.build1@cc285f4]" name="jb" duration-ms="5948" started-at="2017-07-12T08:18:02Z" finished-at="2017-07-12T08:18:08Z">
          <reporter-output>
          </reporter-output>
        </test-method> <!-- jb -->
        <test-method status="PASS" signature="main()[pri:0, instance:AmoghMaven.one.build1@cc285f4]" name="main" duration-ms="4" started-at="2017-07-12T08:18:08Z" finished-at="2017-07-12T08:18:08Z">
          <reporter-output>
          </reporter-output>
        </test-method> <!-- main -->
      </class> <!-- AmoghMaven.one.build1 -->
    </test> <!-- Default test -->
  </suite> <!-- Default suite -->
</testng-results>
