<?xml version="1.0" encoding="UTF-8"?>
<testng-results skipped="0" failed="0" total="1" passed="1">
  <reporter-output>
  </reporter-output>
  <suite name="Default suite" duration-ms="31" started-at="2017-07-07T11:12:00Z" finished-at="2017-07-07T11:12:00Z">
    <groups>
    </groups>
    <test name="Default test" duration-ms="31" started-at="2017-07-07T11:12:00Z" finished-at="2017-07-07T11:12:00Z">
      <class name="AmoghMaven.one.hello">
        <test-method status="PASS" signature="main()[pri:0, instance:AmoghMaven.one.hello@4cc0edeb]" name="main" duration-ms="0" started-at="2017-07-07T16:42:00Z" finished-at="2017-07-07T16:42:00Z">
          <reporter-output>
          </reporter-output>
        </test-method> <!-- main -->
      </class> <!-- AmoghMaven.one.hello -->
    </test> <!-- Default test -->
  </suite> <!-- Default suite -->
</testng-results>
